<?xml version="1.0" encoding="UTF-8"?>
<testsuite xmlns:xsi="http://www.w3.org/2001/XMLSchema-instance" xsi:noNamespaceSchemaLocation="https://maven.apache.org/surefire/maven-surefire-plugin/xsd/surefire-test-report-3.0.xsd" version="3.0" name="runners.SmokeRunner" time="0.446" tests="1" errors="0" skipped="0" failures="0">
  <properties>
[...]
</properties>
  <testcase name="Valid admin login" classname="Login functionality" time="0.101">
    <system-out><![CDATA[
@sprint3 @regression @tc1101
Scenario: Valid admin login                          # src/test/resources/features/Login.feature:4
  When user enters valid username and valid password # steps.LoginSteps.user_enters_valid_username_and_valid_password()
  And user clicks on login button                    # steps.LoginSteps.user_clicks_on_login_button()
  Then user is successfully logged in                # steps.LoginSteps.user_is_successfully_logged_in()
]]></system-out>
  </testcase>
</testsuite>